<?xml version="1.0" encoding="UTF-8"?>
<testsuites>
  <testsuite name="CodeIgniter Application Test Suite" tests="115" assertions="228" errors="0" failures="0" skipped="0" time="1.368075">
    <testsuite name="varios_helper_test" file="C:\Users\Daniel\Code\sirioweb\www\inv-fija\application\tests\helpers\varios_helper_test.php" tests="14" assertions="39" errors="0" failures="0" skipped="0" time="0.146277">
      <testcase name="test_lang" class="varios_helper_test" classname="varios_helper_test" file="C:\Users\Daniel\Code\sirioweb\www\inv-fija\application\tests\helpers\varios_helper_test.php" line="14" assertions="1" time="0.010403"/>
      <testcase name="test_print_message" class="varios_helper_test" classname="varios_helper_test" file="C:\Users\Daniel\Code\sirioweb\www\inv-fija\application\tests\helpers\varios_helper_test.php" line="21" assertions="1" time="0.013352"/>
      <testcase name="test_form_array_format" class="varios_helper_test" classname="varios_helper_test" file="C:\Users\Daniel\Code\sirioweb\www\inv-fija\application\tests\helpers\varios_helper_test.php" line="26" assertions="2" time="0.012681"/>
      <testcase name="test_fmt_cantidad" class="varios_helper_test" classname="varios_helper_test" file="C:\Users\Daniel\Code\sirioweb\www\inv-fija\application\tests\helpers\varios_helper_test.php" line="38" assertions="5" time="0.010470"/>
      <testcase name="test_fmt_monto" class="varios_helper_test" classname="varios_helper_test" file="C:\Users\Daniel\Code\sirioweb\www\inv-fija\application\tests\helpers\varios_helper_test.php" line="47" assertions="7" time="0.012217"/>
      <testcase name="test_fmt_hora" class="varios_helper_test" classname="varios_helper_test" file="C:\Users\Daniel\Code\sirioweb\www\inv-fija\application\tests\helpers\varios_helper_test.php" line="58" assertions="4" time="0.009420"/>
      <testcase name="test_fmt_fecha" class="varios_helper_test" classname="varios_helper_test" file="C:\Users\Daniel\Code\sirioweb\www\inv-fija\application\tests\helpers\varios_helper_test.php" line="66" assertions="2" time="0.009043"/>
      <testcase name="test_fmt_fecha_db" class="varios_helper_test" classname="varios_helper_test" file="C:\Users\Daniel\Code\sirioweb\www\inv-fija\application\tests\helpers\varios_helper_test.php" line="72" assertions="2" time="0.008751"/>
      <testcase name="test_fmt_rut" class="varios_helper_test" classname="varios_helper_test" file="C:\Users\Daniel\Code\sirioweb\www\inv-fija\application\tests\helpers\varios_helper_test.php" line="78" assertions="1" time="0.008676"/>
      <testcase name="test_array_get" class="varios_helper_test" classname="varios_helper_test" file="C:\Users\Daniel\Code\sirioweb\www\inv-fija\application\tests\helpers\varios_helper_test.php" line="84" assertions="5" time="0.010308"/>
      <testcase name="test_get_arr_dias_mes" class="varios_helper_test" classname="varios_helper_test" file="C:\Users\Daniel\Code\sirioweb\www\inv-fija\application\tests\helpers\varios_helper_test.php" line="99" assertions="1" time="0.011969"/>
      <testcase name="test_get_fecha_hasta_mismo_anno" class="varios_helper_test" classname="varios_helper_test" file="C:\Users\Daniel\Code\sirioweb\www\inv-fija\application\tests\helpers\varios_helper_test.php" line="113" assertions="2" time="0.008878"/>
      <testcase name="test_dias_de_la_semana" class="varios_helper_test" classname="varios_helper_test" file="C:\Users\Daniel\Code\sirioweb\www\inv-fija\application\tests\helpers\varios_helper_test.php" line="119" assertions="3" time="0.008805"/>
      <testcase name="test_clase_cumplimiento_consumos" class="varios_helper_test" classname="varios_helper_test" file="C:\Users\Daniel\Code\sirioweb\www\inv-fija\application\tests\helpers\varios_helper_test.php" line="126" assertions="3" time="0.011304"/>
    </testsuite>
    <testsuite name="CaptchaWords_test" file="C:\Users\Daniel\Code\sirioweb\www\inv-fija\application\tests\libraries\CaptchaWords_test.php" tests="2" assertions="2" errors="0" failures="0" skipped="0" time="0.019224">
      <testcase name="test_word_is_string" class="CaptchaWords_test" classname="CaptchaWords_test" file="C:\Users\Daniel\Code\sirioweb\www\inv-fija\application\tests\libraries\CaptchaWords_test.php" line="13" assertions="1" time="0.010648"/>
      <testcase name="test_word_length" class="CaptchaWords_test" classname="CaptchaWords_test" file="C:\Users\Daniel\Code\sirioweb\www\inv-fija\application\tests\libraries\CaptchaWords_test.php" line="18" assertions="1" time="0.008576"/>
    </testsuite>
    <testsuite name="Collection_test" file="C:\Users\Daniel\Code\sirioweb\www\inv-fija\application\tests\libraries\Collection_test.php" tests="31" assertions="78" errors="0" failures="0" skipped="0" time="0.323727">
      <testcase name="test_make_collection" class="Collection_test" classname="Collection_test" file="C:\Users\Daniel\Code\sirioweb\www\inv-fija\application\tests\libraries\Collection_test.php" line="14" assertions="6" time="0.009576"/>
      <testcase name="test_add_items" class="Collection_test" classname="Collection_test" file="C:\Users\Daniel\Code\sirioweb\www\inv-fija\application\tests\libraries\Collection_test.php" line="24" assertions="2" time="0.011547"/>
      <testcase name="test_delete_item" class="Collection_test" classname="Collection_test" file="C:\Users\Daniel\Code\sirioweb\www\inv-fija\application\tests\libraries\Collection_test.php" line="33" assertions="2" time="0.010732"/>
      <testcase name="test_item" class="Collection_test" classname="Collection_test" file="C:\Users\Daniel\Code\sirioweb\www\inv-fija\application\tests\libraries\Collection_test.php" line="39" assertions="3" time="0.010694"/>
      <testcase name="test_keys" class="Collection_test" classname="Collection_test" file="C:\Users\Daniel\Code\sirioweb\www\inv-fija\application\tests\libraries\Collection_test.php" line="46" assertions="2" time="0.009077"/>
      <testcase name="test_length" class="Collection_test" classname="Collection_test" file="C:\Users\Daniel\Code\sirioweb\www\inv-fija\application\tests\libraries\Collection_test.php" line="52" assertions="2" time="0.009526"/>
      <testcase name="test_count" class="Collection_test" classname="Collection_test" file="C:\Users\Daniel\Code\sirioweb\www\inv-fija\application\tests\libraries\Collection_test.php" line="58" assertions="2" time="0.008928"/>
      <testcase name="test_key_exists" class="Collection_test" classname="Collection_test" file="C:\Users\Daniel\Code\sirioweb\www\inv-fija\application\tests\libraries\Collection_test.php" line="64" assertions="4" time="0.009282"/>
      <testcase name="test_get_element" class="Collection_test" classname="Collection_test" file="C:\Users\Daniel\Code\sirioweb\www\inv-fija\application\tests\libraries\Collection_test.php" line="72" assertions="3" time="0.009417"/>
      <testcase name="test_map" class="Collection_test" classname="Collection_test" file="C:\Users\Daniel\Code\sirioweb\www\inv-fija\application\tests\libraries\Collection_test.php" line="79" assertions="1" time="0.009558"/>
      <testcase name="test_is_empty" class="Collection_test" classname="Collection_test" file="C:\Users\Daniel\Code\sirioweb\www\inv-fija\application\tests\libraries\Collection_test.php" line="84" assertions="5" time="0.012483"/>
      <testcase name="test_has" class="Collection_test" classname="Collection_test" file="C:\Users\Daniel\Code\sirioweb\www\inv-fija\application\tests\libraries\Collection_test.php" line="93" assertions="4" time="0.010313"/>
      <testcase name="test_contains" class="Collection_test" classname="Collection_test" file="C:\Users\Daniel\Code\sirioweb\www\inv-fija\application\tests\libraries\Collection_test.php" line="101" assertions="4" time="0.010901"/>
      <testcase name="test_implode" class="Collection_test" classname="Collection_test" file="C:\Users\Daniel\Code\sirioweb\www\inv-fija\application\tests\libraries\Collection_test.php" line="109" assertions="2" time="0.010582"/>
      <testcase name="test_filter" class="Collection_test" classname="Collection_test" file="C:\Users\Daniel\Code\sirioweb\www\inv-fija\application\tests\libraries\Collection_test.php" line="115" assertions="3" time="0.011070"/>
      <testcase name="test_where" class="Collection_test" classname="Collection_test" file="C:\Users\Daniel\Code\sirioweb\www\inv-fija\application\tests\libraries\Collection_test.php" line="122" assertions="5" time="0.014827"/>
      <testcase name="test_where_in" class="Collection_test" classname="Collection_test" file="C:\Users\Daniel\Code\sirioweb\www\inv-fija\application\tests\libraries\Collection_test.php" line="148" assertions="1" time="0.009997"/>
      <testcase name="test_sum" class="Collection_test" classname="Collection_test" file="C:\Users\Daniel\Code\sirioweb\www\inv-fija\application\tests\libraries\Collection_test.php" line="164" assertions="2" time="0.009394"/>
      <testcase name="test_max" class="Collection_test" classname="Collection_test" file="C:\Users\Daniel\Code\sirioweb\www\inv-fija\application\tests\libraries\Collection_test.php" line="170" assertions="2" time="0.009363"/>
      <testcase name="test_concat" class="Collection_test" classname="Collection_test" file="C:\Users\Daniel\Code\sirioweb\www\inv-fija\application\tests\libraries\Collection_test.php" line="176" assertions="2" time="0.009243"/>
      <testcase name="test_sort" class="Collection_test" classname="Collection_test" file="C:\Users\Daniel\Code\sirioweb\www\inv-fija\application\tests\libraries\Collection_test.php" line="182" assertions="2" time="0.013768"/>
      <testcase name="test_flatten" class="Collection_test" classname="Collection_test" file="C:\Users\Daniel\Code\sirioweb\www\inv-fija\application\tests\libraries\Collection_test.php" line="188" assertions="2" time="0.014499"/>
      <testcase name="test_merge" class="Collection_test" classname="Collection_test" file="C:\Users\Daniel\Code\sirioweb\www\inv-fija\application\tests\libraries\Collection_test.php" line="194" assertions="2" time="0.009308"/>
      <testcase name="test_only" class="Collection_test" classname="Collection_test" file="C:\Users\Daniel\Code\sirioweb\www\inv-fija\application\tests\libraries\Collection_test.php" line="202" assertions="2" time="0.009393"/>
      <testcase name="test_except" class="Collection_test" classname="Collection_test" file="C:\Users\Daniel\Code\sirioweb\www\inv-fija\application\tests\libraries\Collection_test.php" line="215" assertions="2" time="0.009464"/>
      <testcase name="test_combine" class="Collection_test" classname="Collection_test" file="C:\Users\Daniel\Code\sirioweb\www\inv-fija\application\tests\libraries\Collection_test.php" line="230" assertions="1" time="0.008821"/>
      <testcase name="test_map_with_keys" class="Collection_test" classname="Collection_test" file="C:\Users\Daniel\Code\sirioweb\www\inv-fija\application\tests\libraries\Collection_test.php" line="235" assertions="1" time="0.008851"/>
      <testcase name="test_unique" class="Collection_test" classname="Collection_test" file="C:\Users\Daniel\Code\sirioweb\www\inv-fija\application\tests\libraries\Collection_test.php" line="242" assertions="2" time="0.008973"/>
      <testcase name="test_result_keys_to_lower" class="Collection_test" classname="Collection_test" file="C:\Users\Daniel\Code\sirioweb\www\inv-fija\application\tests\libraries\Collection_test.php" line="248" assertions="1" time="0.010209"/>
      <testcase name="test_pluck" class="Collection_test" classname="Collection_test" file="C:\Users\Daniel\Code\sirioweb\www\inv-fija\application\tests\libraries\Collection_test.php" line="255" assertions="3" time="0.013151"/>
      <testcase name="test_first" class="Collection_test" classname="Collection_test" file="C:\Users\Daniel\Code\sirioweb\www\inv-fija\application\tests\libraries\Collection_test.php" line="266" assertions="3" time="0.010781"/>
    </testsuite>
    <testsuite name="Google_map_test" file="C:\Users\Daniel\Code\sirioweb\www\inv-fija\application\tests\libraries\Google_map_test.php" tests="4" assertions="6" errors="0" failures="0" skipped="0" time="0.051515">
      <testcase name="test_initialize" class="Google_map_test" classname="Google_map_test" file="C:\Users\Daniel\Code\sirioweb\www\inv-fija\application\tests\libraries\Google_map_test.php" line="13" assertions="1" time="0.015323"/>
      <testcase name="test_create_map_is_string" class="Google_map_test" classname="Google_map_test" file="C:\Users\Daniel\Code\sirioweb\www\inv-fija\application\tests\libraries\Google_map_test.php" line="18" assertions="3" time="0.011670"/>
      <testcase name="test_add_marker" class="Google_map_test" classname="Google_map_test" file="C:\Users\Daniel\Code\sirioweb\www\inv-fija\application\tests\libraries\Google_map_test.php" line="25" assertions="1" time="0.013128"/>
      <testcase name="test_add_peticiones_markers" class="Google_map_test" classname="Google_map_test" file="C:\Users\Daniel\Code\sirioweb\www\inv-fija\application\tests\libraries\Google_map_test.php" line="32" assertions="1" time="0.011394"/>
    </testsuite>
    <testsuite name="Orm_field_test" file="C:\Users\Daniel\Code\sirioweb\www\inv-fija\application\tests\libraries\Model\Orm_field_test.php" tests="28" assertions="36" errors="0" failures="0" skipped="0" time="0.306842">
      <testcase name="test_get_tipo" class="Orm_field_test" classname="Orm_field_test" file="C:\Users\Daniel\Code\sirioweb\www\inv-fija\application\tests\libraries\Model\Orm_field_test.php" line="29" assertions="2" time="0.012500"/>
      <testcase name="test_get_label" class="Orm_field_test" classname="Orm_field_test" file="C:\Users\Daniel\Code\sirioweb\www\inv-fija\application\tests\libraries\Model\Orm_field_test.php" line="35" assertions="1" time="0.009772"/>
      <testcase name="test_get_nombre_bd" class="Orm_field_test" classname="Orm_field_test" file="C:\Users\Daniel\Code\sirioweb\www\inv-fija\application\tests\libraries\Model\Orm_field_test.php" line="40" assertions="1" time="0.010192"/>
      <testcase name="test_get_mostrar_lista" class="Orm_field_test" classname="Orm_field_test" file="C:\Users\Daniel\Code\sirioweb\www\inv-fija\application\tests\libraries\Model\Orm_field_test.php" line="45" assertions="1" time="0.010106"/>
      <testcase name="test_get_es_id" class="Orm_field_test" classname="Orm_field_test" file="C:\Users\Daniel\Code\sirioweb\www\inv-fija\application\tests\libraries\Model\Orm_field_test.php" line="50" assertions="2" time="0.009512"/>
      <testcase name="test_get_es_unico" class="Orm_field_test" classname="Orm_field_test" file="C:\Users\Daniel\Code\sirioweb\www\inv-fija\application\tests\libraries\Model\Orm_field_test.php" line="56" assertions="2" time="0.009906"/>
      <testcase name="test_get_es_obligatorio" class="Orm_field_test" classname="Orm_field_test" file="C:\Users\Daniel\Code\sirioweb\www\inv-fija\application\tests\libraries\Model\Orm_field_test.php" line="62" assertions="2" time="0.009664"/>
      <testcase name="test_get_es_autoincrement" class="Orm_field_test" classname="Orm_field_test" file="C:\Users\Daniel\Code\sirioweb\www\inv-fija\application\tests\libraries\Model\Orm_field_test.php" line="68" assertions="2" time="0.010575"/>
      <testcase name="test_get_texto_ayuda" class="Orm_field_test" classname="Orm_field_test" file="C:\Users\Daniel\Code\sirioweb\www\inv-fija\application\tests\libraries\Model\Orm_field_test.php" line="74" assertions="1" time="0.010887"/>
      <testcase name="test_get_relation" class="Orm_field_test" classname="Orm_field_test" file="C:\Users\Daniel\Code\sirioweb\www\inv-fija\application\tests\libraries\Model\Orm_field_test.php" line="79" assertions="1" time="0.009225"/>
      <testcase name="test_form_field_text_type" class="Orm_field_test" classname="Orm_field_test" file="C:\Users\Daniel\Code\sirioweb\www\inv-fija\application\tests\libraries\Model\Orm_field_test.php" line="84" assertions="1" time="0.011935"/>
      <testcase name="test_form_field_text_value_empty" class="Orm_field_test" classname="Orm_field_test" file="C:\Users\Daniel\Code\sirioweb\www\inv-fija\application\tests\libraries\Model\Orm_field_test.php" line="89" assertions="1" time="0.010732"/>
      <testcase name="test_form_field_text_value_non_empty" class="Orm_field_test" classname="Orm_field_test" file="C:\Users\Daniel\Code\sirioweb\www\inv-fija\application\tests\libraries\Model\Orm_field_test.php" line="94" assertions="1" time="0.011789"/>
      <testcase name="test_form_field_text_id" class="Orm_field_test" classname="Orm_field_test" file="C:\Users\Daniel\Code\sirioweb\www\inv-fija\application\tests\libraries\Model\Orm_field_test.php" line="99" assertions="1" time="0.011637"/>
      <testcase name="test_form_field_text_class" class="Orm_field_test" classname="Orm_field_test" file="C:\Users\Daniel\Code\sirioweb\www\inv-fija\application\tests\libraries\Model\Orm_field_test.php" line="104" assertions="1" time="0.011579"/>
      <testcase name="test_form_field_text_maxlength" class="Orm_field_test" classname="Orm_field_test" file="C:\Users\Daniel\Code\sirioweb\www\inv-fija\application\tests\libraries\Model\Orm_field_test.php" line="109" assertions="1" time="0.013056"/>
      <testcase name="test_form_field_text_size" class="Orm_field_test" classname="Orm_field_test" file="C:\Users\Daniel\Code\sirioweb\www\inv-fija\application\tests\libraries\Model\Orm_field_test.php" line="114" assertions="1" time="0.012679"/>
      <testcase name="test_form_field_text_placeholder" class="Orm_field_test" classname="Orm_field_test" file="C:\Users\Daniel\Code\sirioweb\www\inv-fija\application\tests\libraries\Model\Orm_field_test.php" line="119" assertions="1" time="0.013129"/>
      <testcase name="test_form_field_choices" class="Orm_field_test" classname="Orm_field_test" file="C:\Users\Daniel\Code\sirioweb\www\inv-fija\application\tests\libraries\Model\Orm_field_test.php" line="124" assertions="1" time="0.011248"/>
      <testcase name="test_cast_value_char" class="Orm_field_test" classname="Orm_field_test" file="C:\Users\Daniel\Code\sirioweb\www\inv-fija\application\tests\libraries\Model\Orm_field_test.php" line="131" assertions="1" time="0.009450"/>
      <testcase name="test_cast_value_integer" class="Orm_field_test" classname="Orm_field_test" file="C:\Users\Daniel\Code\sirioweb\www\inv-fija\application\tests\libraries\Model\Orm_field_test.php" line="136" assertions="1" time="0.009748"/>
      <testcase name="test_cast_value_boolean" class="Orm_field_test" classname="Orm_field_test" file="C:\Users\Daniel\Code\sirioweb\www\inv-fija\application\tests\libraries\Model\Orm_field_test.php" line="141" assertions="1" time="0.012492"/>
      <testcase name="test_cast_value_datetime" class="Orm_field_test" classname="Orm_field_test" file="C:\Users\Daniel\Code\sirioweb\www\inv-fija\application\tests\libraries\Model\Orm_field_test.php" line="146" assertions="1" time="0.012710"/>
      <testcase name="test_get_formatted_value_char" class="Orm_field_test" classname="Orm_field_test" file="C:\Users\Daniel\Code\sirioweb\www\inv-fija\application\tests\libraries\Model\Orm_field_test.php" line="151" assertions="1" time="0.009044"/>
      <testcase name="test_get_formatted_value_integer_sin_formato" class="Orm_field_test" classname="Orm_field_test" file="C:\Users\Daniel\Code\sirioweb\www\inv-fija\application\tests\libraries\Model\Orm_field_test.php" line="156" assertions="1" time="0.009236"/>
      <testcase name="test_get_formatted_value_integer_con_formato" class="Orm_field_test" classname="Orm_field_test" file="C:\Users\Daniel\Code\sirioweb\www\inv-fija\application\tests\libraries\Model\Orm_field_test.php" line="161" assertions="3" time="0.012468"/>
      <testcase name="test_get_formatted_value_choices_con_formato" class="Orm_field_test" classname="Orm_field_test" file="C:\Users\Daniel\Code\sirioweb\www\inv-fija\application\tests\libraries\Model\Orm_field_test.php" line="176" assertions="1" time="0.009599"/>
      <testcase name="test_get_formatted_value_boolean_con_formato" class="Orm_field_test" classname="Orm_field_test" file="C:\Users\Daniel\Code\sirioweb\www\inv-fija\application\tests\libraries\Model\Orm_field_test.php" line="188" assertions="2" time="0.011972"/>
    </testsuite>
    <testsuite name="Orm_model_test" file="C:\Users\Daniel\Code\sirioweb\www\inv-fija\application\tests\libraries\Model\Orm_model_test.php" tests="22" assertions="38" errors="0" failures="0" skipped="0" time="0.353906">
      <testcase name="test_create" class="Orm_model_test" classname="Orm_model_test" file="C:\Users\Daniel\Code\sirioweb\www\inv-fija\application\tests\libraries\Model\Orm_model_test.php" line="44" assertions="2" time="0.022527"/>
      <testcase name="test_get_model_nombre" class="Orm_model_test" classname="Orm_model_test" file="C:\Users\Daniel\Code\sirioweb\www\inv-fija\application\tests\libraries\Model\Orm_model_test.php" line="50" assertions="1" time="0.020954"/>
      <testcase name="test_get_db_table" class="Orm_model_test" classname="Orm_model_test" file="C:\Users\Daniel\Code\sirioweb\www\inv-fija\application\tests\libraries\Model\Orm_model_test.php" line="55" assertions="1" time="0.011533"/>
      <testcase name="test_get_label" class="Orm_model_test" classname="Orm_model_test" file="C:\Users\Daniel\Code\sirioweb\www\inv-fija\application\tests\libraries\Model\Orm_model_test.php" line="60" assertions="1" time="0.012071"/>
      <testcase name="test_get_label_plural" class="Orm_model_test" classname="Orm_model_test" file="C:\Users\Daniel\Code\sirioweb\www\inv-fija\application\tests\libraries\Model\Orm_model_test.php" line="65" assertions="1" time="0.012314"/>
      <testcase name="test_get_fields" class="Orm_model_test" classname="Orm_model_test" file="C:\Users\Daniel\Code\sirioweb\www\inv-fija\application\tests\libraries\Model\Orm_model_test.php" line="70" assertions="1" time="0.012747"/>
      <testcase name="test_get_filtro" class="Orm_model_test" classname="Orm_model_test" file="C:\Users\Daniel\Code\sirioweb\www\inv-fija\application\tests\libraries\Model\Orm_model_test.php" line="121" assertions="1" time="0.011943"/>
      <testcase name="test_get_list_fields" class="Orm_model_test" classname="Orm_model_test" file="C:\Users\Daniel\Code\sirioweb\www\inv-fija\application\tests\libraries\Model\Orm_model_test.php" line="129" assertions="1" time="0.012626"/>
      <testcase name="test_fill_array" class="Orm_model_test" classname="Orm_model_test" file="C:\Users\Daniel\Code\sirioweb\www\inv-fija\application\tests\libraries\Model\Orm_model_test.php" line="134" assertions="2" time="0.017000"/>
      <testcase name="test_has_attributes_get_campo" class="Orm_model_test" classname="Orm_model_test" file="C:\Users\Daniel\Code\sirioweb\www\inv-fija\application\tests\libraries\Model\Orm_model_test.php" line="142" assertions="2" time="0.015080"/>
      <testcase name="test_has_attributes_get_campo_id" class="Orm_model_test" classname="Orm_model_test" file="C:\Users\Daniel\Code\sirioweb\www\inv-fija\application\tests\libraries\Model\Orm_model_test.php" line="148" assertions="1" time="0.013043"/>
      <testcase name="test_has_attributes_get_values" class="Orm_model_test" classname="Orm_model_test" file="C:\Users\Daniel\Code\sirioweb\www\inv-fija\application\tests\libraries\Model\Orm_model_test.php" line="153" assertions="1" time="0.013945"/>
      <testcase name="test_has_attributes_get_id" class="Orm_model_test" classname="Orm_model_test" file="C:\Users\Daniel\Code\sirioweb\www\inv-fija\application\tests\libraries\Model\Orm_model_test.php" line="166" assertions="1" time="0.013729"/>
      <testcase name="test_has_attributes_get_field_value_char" class="Orm_model_test" classname="Orm_model_test" file="C:\Users\Daniel\Code\sirioweb\www\inv-fija\application\tests\libraries\Model\Orm_model_test.php" line="173" assertions="2" time="0.013764"/>
      <testcase name="test_has_attributes_get_field_value_integer" class="Orm_model_test" classname="Orm_model_test" file="C:\Users\Daniel\Code\sirioweb\www\inv-fija\application\tests\libraries\Model\Orm_model_test.php" line="181" assertions="4" time="0.015419"/>
      <testcase name="test_has_attributes_get_field_value_boolean" class="Orm_model_test" classname="Orm_model_test" file="C:\Users\Daniel\Code\sirioweb\www\inv-fija\application\tests\libraries\Model\Orm_model_test.php" line="193" assertions="2" time="0.018271"/>
      <testcase name="test_has_attributes_fill" class="Orm_model_test" classname="Orm_model_test" file="C:\Users\Daniel\Code\sirioweb\www\inv-fija\application\tests\libraries\Model\Orm_model_test.php" line="201" assertions="1" time="0.018195"/>
      <testcase name="test_has_form_form_item" class="Orm_model_test" classname="Orm_model_test" file="C:\Users\Daniel\Code\sirioweb\www\inv-fija\application\tests\libraries\Model\Orm_model_test.php" line="211" assertions="7" time="0.037193"/>
      <testcase name="test_has_form_get_field_label" class="Orm_model_test" classname="Orm_model_test" file="C:\Users\Daniel\Code\sirioweb\www\inv-fija\application\tests\libraries\Model\Orm_model_test.php" line="224" assertions="1" time="0.013523"/>
      <testcase name="test_has_form_get_field_texto_ayuda" class="Orm_model_test" classname="Orm_model_test" file="C:\Users\Daniel\Code\sirioweb\www\inv-fija\application\tests\libraries\Model\Orm_model_test.php" line="231" assertions="1" time="0.012626"/>
      <testcase name="test_has_form_field_es_obligatorio" class="Orm_model_test" classname="Orm_model_test" file="C:\Users\Daniel\Code\sirioweb\www\inv-fija\application\tests\libraries\Model\Orm_model_test.php" line="238" assertions="2" time="0.015538"/>
      <testcase name="test_has_form_get_field_marca_obligatorio" class="Orm_model_test" classname="Orm_model_test" file="C:\Users\Daniel\Code\sirioweb\www\inv-fija\application\tests\libraries\Model\Orm_model_test.php" line="246" assertions="2" time="0.019866"/>
    </testsuite>
    <testsuite name="Reporte_test" file="C:\Users\Daniel\Code\sirioweb\www\inv-fija\application\tests\libraries\Reporte_test.php" tests="14" assertions="29" errors="0" failures="0" skipped="0" time="0.166584">
      <testcase name="test_format_order_by" class="Reporte_test" classname="Reporte_test" file="C:\Users\Daniel\Code\sirioweb\www\inv-fija\application\tests\libraries\Reporte_test.php" line="13" assertions="5" time="0.012401"/>
      <testcase name="test_result_to_month_table" class="Reporte_test" classname="Reporte_test" file="C:\Users\Daniel\Code\sirioweb\www\inv-fija\application\tests\libraries\Reporte_test.php" line="26" assertions="2" time="0.016708"/>
      <testcase name="test_formato_reporte_texto" class="Reporte_test" classname="Reporte_test" file="C:\Users\Daniel\Code\sirioweb\www\inv-fija\application\tests\libraries\Reporte_test.php" line="51" assertions="1" time="0.010113"/>
      <testcase name="test_formato_reporte_fecha" class="Reporte_test" classname="Reporte_test" file="C:\Users\Daniel\Code\sirioweb\www\inv-fija\application\tests\libraries\Reporte_test.php" line="58" assertions="1" time="0.009574"/>
      <testcase name="test_formato_reporte_numero" class="Reporte_test" classname="Reporte_test" file="C:\Users\Daniel\Code\sirioweb\www\inv-fija\application\tests\libraries\Reporte_test.php" line="65" assertions="1" time="0.009114"/>
      <testcase name="test_formato_reporte_valor" class="Reporte_test" classname="Reporte_test" file="C:\Users\Daniel\Code\sirioweb\www\inv-fija\application\tests\libraries\Reporte_test.php" line="72" assertions="1" time="0.009863"/>
      <testcase name="test_formato_reporte_valor_pmp" class="Reporte_test" classname="Reporte_test" file="C:\Users\Daniel\Code\sirioweb\www\inv-fija\application\tests\libraries\Reporte_test.php" line="79" assertions="1" time="0.011127"/>
      <testcase name="test_formato_reporte_numero_dif" class="Reporte_test" classname="Reporte_test" file="C:\Users\Daniel\Code\sirioweb\www\inv-fija\application\tests\libraries\Reporte_test.php" line="86" assertions="2" time="0.009262"/>
      <testcase name="test_formato_reporte_link" class="Reporte_test" classname="Reporte_test" file="C:\Users\Daniel\Code\sirioweb\www\inv-fija\application\tests\libraries\Reporte_test.php" line="92" assertions="1" time="0.008869"/>
      <testcase name="test_formato_reporte_link_registros" class="Reporte_test" classname="Reporte_test" file="C:\Users\Daniel\Code\sirioweb\www\inv-fija\application\tests\libraries\Reporte_test.php" line="99" assertions="1" time="0.008889"/>
      <testcase name="test_formato_reporte_link_detalle_series" class="Reporte_test" classname="Reporte_test" file="C:\Users\Daniel\Code\sirioweb\www\inv-fija\application\tests\libraries\Reporte_test.php" line="106" assertions="1" time="0.010305"/>
      <testcase name="test_formato_reporte_otro" class="Reporte_test" classname="Reporte_test" file="C:\Users\Daniel\Code\sirioweb\www\inv-fija\application\tests\libraries\Reporte_test.php" line="113" assertions="1" time="0.010721"/>
      <testcase name="test_formato_reporte_doi" class="Reporte_test" classname="Reporte_test" file="C:\Users\Daniel\Code\sirioweb\www\inv-fija\application\tests\libraries\Reporte_test.php" line="120" assertions="5" time="0.010108"/>
      <testcase name="test_genera_reporte" class="Reporte_test" classname="Reporte_test" file="C:\Users\Daniel\Code\sirioweb\www\inv-fija\application\tests\libraries\Reporte_test.php" line="148" assertions="6" time="0.029530"/>
    </testsuite>
  </testsuite>
</testsuites>
